<?xml version="1.0" encoding="UTF-8" ?>
<testsuites>
  <testsuite errors="0" failures="2" hostname="6c4008b71dca.ant.amazon.com" id="0" name="MoviequoteControllerSpec" package="moviequotes" skipped="0" tests="7" time="5.396" timestamp="2016-04-13T01:01:41">
      <properties />

      <testcase classname="moviequotes.MoviequoteControllerSpec" name="Test the index action returns the correct model" time="4.599" />

      <testcase classname="moviequotes.MoviequoteControllerSpec" name="Test the create action returns the correct model" time="0.105" />

      <testcase classname="moviequotes.MoviequoteControllerSpec" name="Test the save action correctly persists an instance" time="0.302">
          <failure message="Condition not satisfied:&#xa;&#xa;model.moviequoteInstance!= null&#xa;|     |                 |&#xa;[:]   null              false&#xa;" type="junit.framework.AssertionFailedError">junit.framework.AssertionFailedError: Condition not satisfied:

model.moviequoteInstance!= null
|     |                 |
[:]   null              false

	at moviequotes.MoviequoteControllerSpec.Test the save action correctly persists an instance(MoviequoteControllerSpec.groovy:46)
</failure>

      </testcase>

      <testcase classname="moviequotes.MoviequoteControllerSpec" name="Test that the show action returns the correct model" time="0.035" />

      <testcase classname="moviequotes.MoviequoteControllerSpec" name="Test that the edit action returns the correct model" time="0.043" />

      <testcase classname="moviequotes.MoviequoteControllerSpec" name="Test the update action performs an update on a valid domain instance" time="0.122">
          <failure message="Condition not satisfied:&#xa;&#xa;view == &apos;edit&apos;&#xa;|    |&#xa;null false&#xa;" type="junit.framework.AssertionFailedError">junit.framework.AssertionFailedError: Condition not satisfied:

view == &apos;edit&apos;
|    |
null false

	at moviequotes.MoviequoteControllerSpec.Test the update action performs an update on a valid domain instance(MoviequoteControllerSpec.groovy:112)
</failure>

      </testcase>

      <testcase classname="moviequotes.MoviequoteControllerSpec" name="Test that the delete action deletes an instance if it exists" time="0.12" />

      <system-out><![CDATA[--Output from Test the index action returns the correct model--
--Output from Test the create action returns the correct model--
--Output from Test the save action correctly persists an instance--
--Output from Test that the show action returns the correct model--
--Output from Test that the edit action returns the correct model--
--Output from Test the update action performs an update on a valid domain instance--
--Output from Test that the delete action deletes an instance if it exists--
]]></system-out>

      <system-err><![CDATA[--Output from Test the index action returns the correct model--
--Output from Test the create action returns the correct model--
--Output from Test the save action correctly persists an instance--
--Output from Test that the show action returns the correct model--
--Output from Test that the edit action returns the correct model--
--Output from Test the update action performs an update on a valid domain instance--
--Output from Test that the delete action deletes an instance if it exists--
]]></system-err>

  </testsuite>
</testsuites>
